running egg_info
creating ../../build/turtle_control_trb/turtle_control_trb.egg-info
writing ../../build/turtle_control_trb/turtle_control_trb.egg-info/PKG-INFO
writing dependency_links to ../../build/turtle_control_trb/turtle_control_trb.egg-info/dependency_links.txt
writing entry points to ../../build/turtle_control_trb/turtle_control_trb.egg-info/entry_points.txt
writing requirements to ../../build/turtle_control_trb/turtle_control_trb.egg-info/requires.txt
writing top-level names to ../../build/turtle_control_trb/turtle_control_trb.egg-info/top_level.txt
writing manifest file '../../build/turtle_control_trb/turtle_control_trb.egg-info/SOURCES.txt'
reading manifest file '../../build/turtle_control_trb/turtle_control_trb.egg-info/SOURCES.txt'
writing manifest file '../../build/turtle_control_trb/turtle_control_trb.egg-info/SOURCES.txt'
running build
running build_py
creating /root/ros2_ws/build/turtle_control_trb/build
creating /root/ros2_ws/build/turtle_control_trb/build/lib
creating /root/ros2_ws/build/turtle_control_trb/build/lib/turtle_control_trb
copying turtle_control_trb/turtle_control.py -> /root/ros2_ws/build/turtle_control_trb/build/lib/turtle_control_trb
copying turtle_control_trb/__init__.py -> /root/ros2_ws/build/turtle_control_trb/build/lib/turtle_control_trb
running install
/usr/lib/python3/dist-packages/setuptools/command/install.py:34: SetuptoolsDeprecationWarning: setup.py install is deprecated. Use build and pip and other standards-based tools.
  warnings.warn(
running install_lib
creating /root/ros2_ws/install/turtle_control_trb/lib/python3.10/site-packages/turtle_control_trb
copying /root/ros2_ws/build/turtle_control_trb/build/lib/turtle_control_trb/turtle_control.py -> /root/ros2_ws/install/turtle_control_trb/lib/python3.10/site-packages/turtle_control_trb
copying /root/ros2_ws/build/turtle_control_trb/build/lib/turtle_control_trb/__init__.py -> /root/ros2_ws/install/turtle_control_trb/lib/python3.10/site-packages/turtle_control_trb
byte-compiling /root/ros2_ws/install/turtle_control_trb/lib/python3.10/site-packages/turtle_control_trb/turtle_control.py to turtle_control.cpython-310.pyc
byte-compiling /root/ros2_ws/install/turtle_control_trb/lib/python3.10/site-packages/turtle_control_trb/__init__.py to __init__.cpython-310.pyc
running install_data
creating /root/ros2_ws/install/turtle_control_trb/share/ament_index
creating /root/ros2_ws/install/turtle_control_trb/share/ament_index/resource_index
creating /root/ros2_ws/install/turtle_control_trb/share/ament_index/resource_index/packages
copying resource/turtle_control_trb -> /root/ros2_ws/install/turtle_control_trb/share/ament_index/resource_index/packages
copying package.xml -> /root/ros2_ws/install/turtle_control_trb/share/turtle_control_trb
running install_egg_info
Copying ../../build/turtle_control_trb/turtle_control_trb.egg-info to /root/ros2_ws/install/turtle_control_trb/lib/python3.10/site-packages/turtle_control_trb-0.0.0-py3.10.egg-info
running install_scripts
Installing turtle_control script to /root/ros2_ws/install/turtle_control_trb/lib/turtle_control_trb
writing list of installed files to '/root/ros2_ws/build/turtle_control_trb/install.log'
