[1.564s] Invoking command in '/root/ros2_ws/src/turtle_control_trb': PYTHONPATH=/root/ros2_ws/install/turtle_control_trb/lib/python3.10/site-packages:${PYTHONPATH} /usr/bin/python3 setup.py egg_info --egg-base ../../build/turtle_control_trb build --build-base /root/ros2_ws/build/turtle_control_trb/build install --prefix /root/ros2_ws/install/turtle_control_trb --record /root/ros2_ws/build/turtle_control_trb/install.log --single-version-externally-managed
[1.767s] running egg_info
[1.767s] creating ../../build/turtle_control_trb/turtle_control_trb.egg-info
[1.767s] writing ../../build/turtle_control_trb/turtle_control_trb.egg-info/PKG-INFO
[1.768s] writing dependency_links to ../../build/turtle_control_trb/turtle_control_trb.egg-info/dependency_links.txt
[1.768s] writing entry points to ../../build/turtle_control_trb/turtle_control_trb.egg-info/entry_points.txt
[1.768s] writing requirements to ../../build/turtle_control_trb/turtle_control_trb.egg-info/requires.txt
[1.768s] writing top-level names to ../../build/turtle_control_trb/turtle_control_trb.egg-info/top_level.txt
[1.768s] writing manifest file '../../build/turtle_control_trb/turtle_control_trb.egg-info/SOURCES.txt'
[1.769s] reading manifest file '../../build/turtle_control_trb/turtle_control_trb.egg-info/SOURCES.txt'
[1.770s] writing manifest file '../../build/turtle_control_trb/turtle_control_trb.egg-info/SOURCES.txt'
[1.770s] running build
[1.771s] running build_py
[1.771s] creating /root/ros2_ws/build/turtle_control_trb/build
[1.771s] creating /root/ros2_ws/build/turtle_control_trb/build/lib
[1.771s] creating /root/ros2_ws/build/turtle_control_trb/build/lib/turtle_control_trb
[1.771s] copying turtle_control_trb/turtle_control.py -> /root/ros2_ws/build/turtle_control_trb/build/lib/turtle_control_trb
[1.771s] copying turtle_control_trb/__init__.py -> /root/ros2_ws/build/turtle_control_trb/build/lib/turtle_control_trb
[1.771s] running install
[1.771s] /usr/lib/python3/dist-packages/setuptools/command/install.py:34: SetuptoolsDeprecationWarning: setup.py install is deprecated. Use build and pip and other standards-based tools.
[1.771s]   warnings.warn(
[1.772s] running install_lib
[1.772s] creating /root/ros2_ws/install/turtle_control_trb/lib/python3.10/site-packages/turtle_control_trb
[1.772s] copying /root/ros2_ws/build/turtle_control_trb/build/lib/turtle_control_trb/turtle_control.py -> /root/ros2_ws/install/turtle_control_trb/lib/python3.10/site-packages/turtle_control_trb
[1.773s] copying /root/ros2_ws/build/turtle_control_trb/build/lib/turtle_control_trb/__init__.py -> /root/ros2_ws/install/turtle_control_trb/lib/python3.10/site-packages/turtle_control_trb
[1.773s] byte-compiling /root/ros2_ws/install/turtle_control_trb/lib/python3.10/site-packages/turtle_control_trb/turtle_control.py to turtle_control.cpython-310.pyc
[1.773s] byte-compiling /root/ros2_ws/install/turtle_control_trb/lib/python3.10/site-packages/turtle_control_trb/__init__.py to __init__.cpython-310.pyc
[1.774s] running install_data
[1.774s] creating /root/ros2_ws/install/turtle_control_trb/share/ament_index
[1.774s] creating /root/ros2_ws/install/turtle_control_trb/share/ament_index/resource_index
[1.774s] creating /root/ros2_ws/install/turtle_control_trb/share/ament_index/resource_index/packages
[1.774s] copying resource/turtle_control_trb -> /root/ros2_ws/install/turtle_control_trb/share/ament_index/resource_index/packages
[1.774s] copying package.xml -> /root/ros2_ws/install/turtle_control_trb/share/turtle_control_trb
[1.774s] running install_egg_info
[1.775s] Copying ../../build/turtle_control_trb/turtle_control_trb.egg-info to /root/ros2_ws/install/turtle_control_trb/lib/python3.10/site-packages/turtle_control_trb-0.0.0-py3.10.egg-info
[1.776s] running install_scripts
[1.793s] Installing turtle_control script to /root/ros2_ws/install/turtle_control_trb/lib/turtle_control_trb
[1.793s] writing list of installed files to '/root/ros2_ws/build/turtle_control_trb/install.log'
[1.809s] Invoked command in '/root/ros2_ws/src/turtle_control_trb' returned '0': PYTHONPATH=/root/ros2_ws/install/turtle_control_trb/lib/python3.10/site-packages:${PYTHONPATH} /usr/bin/python3 setup.py egg_info --egg-base ../../build/turtle_control_trb build --build-base /root/ros2_ws/build/turtle_control_trb/build install --prefix /root/ros2_ws/install/turtle_control_trb --record /root/ros2_ws/build/turtle_control_trb/install.log --single-version-externally-managed
